<?xml version="1.0" encoding="UTF-8"?>
<!-- Generated by org.testng.reporters.JUnitXMLReporter -->
<testsuite hostname="DESKTOP-OL729TN" ignored="0" name="Run" tests="2" failures="0" timestamp="11 Dec 2021 14:06:43 GMT" time="48.083" errors="0">
  <testcase name="demo_01_VerifyResultListIsPaginatedIfThereAreMoreThan16Items" time="32.667" classname="com.amazon.demo.demo_01"/>
  <testcase name="demo_02_VerifyResultListCanBeSortedOnDemand" time="8.392" classname="com.amazon.demo.demo_01"/>
</testsuite> <!-- Run -->
